Starting at 2024-02-18_18-51-49
Submitting job for tiles
All jobs submitted
Starting at 2024-02-18_18-53-01
Submitting job for tiles
All jobs submitted
Starting at 2024-02-18_18-58-38
Submitting job for tiles
All jobs submitted
Starting at 2024-02-18_19-03-38
Submitting job for tiles
All jobs submitted
Starting at 2024-02-18_19-04-21
Submitting job for tiles
All jobs submitted
Starting at 2024-02-18_19-10-18
Submitting job for tiles
All jobs submitted
Starting at 2024-02-18_19-12-45
Submitting job for tiles
All jobs submitted
Starting at 2024-02-18_19-14-55
Submitting job for tiles
All jobs submitted
Starting at 2024-02-18_19-19-13
Submitting job for tiles
All jobs submitted
Starting at 2024-02-18_19-21-58
Submitting job for tiles
All jobs submitted
Starting at 2024-02-18_19-30-47
Submitting job for asphalt
Submitting job for bike
Submitting job for clinkers
Submitting job for grass
Submitting job for mosaic
Submitting job for tiles
All jobs submitted
Starting at 2024-02-18_19-51-44
Submitting job for asphalt
Submitting job for bike
Submitting job for clinkers
Submitting job for grass
Submitting job for mosaic
Submitting job for tiles
All jobs submitted
Starting at 2024-02-18_19-57-33
Submitting job for grass
Submitting job for mosaic
Submitting job for tiles
All jobs submitted
Starting at 2024-02-18_20-13-28
Submitting job for grass
Submitting job for mosaic
Submitting job for tiles
All jobs submitted
Starting at 2024-02-18_20-23-44
Submitting job for grass
Submitting job for mosaic
Submitting job for tiles
All jobs submitted
Starting at 2024-02-18_20-37-42
Submitting job for grass
Submitting job for mosaic
Submitting job for tiles
All jobs submitted
Starting at 2024-02-18_20-50-15
Submitting job for asphalt
Submitting job for bike
All jobs submitted
Starting at 2024-02-18_20-58-05
Submitting job for clinkers
Submitting job for grass
All jobs submitted
Starting at 2024-02-18_21-13-26
Submitting job for mosaic
Submitting job for tiles
All jobs submitted
