Starting at 2024-02-18_21-16-11
Submitting job for bike
All jobs submitted
Starting at 2024-02-18_22-26-07
Submitting job for bike
All jobs submitted
Starting at 2024-02-18_22-37-03
Submitting job for bike
All jobs submitted
Starting at 2024-02-18_22-48-42
Submitting job for bike
All jobs submitted
Starting at 2024-02-18_22-52-27
Submitting job for bike
All jobs submitted
Starting at 2024-02-18_22-56-31
Submitting job for bike
All jobs submitted
Starting at 2024-02-18_22-57-33
Submitting job for bike
All jobs submitted
Starting at 2024-02-18_23-29-19
Submitting job for grass
Submitting job for mosaic
Submitting job for tiles
All jobs submitted
Starting at 2024-02-19_01-40-19
Submitting job for asphalt
Submitting job for clinkers
Submitting job for mosaic
All jobs submitted
