Submitting job for asphalt
Submitting job for bike
Submitting job for clinkers
Submitting job for grass
Submitting job for mosaic
Submitting job for tiles
All jobs submitted
Submitting job for asphalt
Submitting job for bike
Submitting job for clinkers
Submitting job for grass
Submitting job for mosaic
Submitting job for tiles
All jobs submitted
Submitting job for asphalt
Submitting job for bike
Submitting job for clinkers
Submitting job for grass
Submitting job for mosaic
Submitting job for tiles
All jobs submitted
Submitting job for asphalt
Submitting job for bike
Submitting job for clinkers
Submitting job for grass
Submitting job for mosaic
Submitting job for tiles
All jobs submitted
Submitting job for asphalt
Submitting job for bike
Submitting job for clinkers
Submitting job for grass
Submitting job for mosaic
Submitting job for tiles
All jobs submitted
Submitting job for asphalt
Submitting job for bike
Submitting job for clinkers
Submitting job for grass
Submitting job for mosaic
Submitting job for tiles
All jobs submitted
